<?xml version="1.0" encoding="UTF-8"?>
<testng-results ignored="0" total="1" passed="1" failed="0" skipped="0">
  <reporter-output>
  </reporter-output>
  <suite started-at="2024-10-09T21:07:36 IST" name="Surefire suite" finished-at="2024-10-09T21:07:36 IST" duration-ms="19">
    <groups>
    </groups>
    <test started-at="2024-10-09T21:07:36 IST" name="Surefire test" finished-at="2024-10-09T21:07:36 IST" duration-ms="19">
      <class name="org.snapshot.amazon.AppTest">
        <test-method signature="testApp()[pri:0, instance:testApp(org.snapshot.amazon.AppTest)]" started-at="2024-10-09T21:07:36 IST" name="testApp" finished-at="2024-10-09T21:07:36 IST" duration-ms="4" status="PASS">
          <reporter-output>
          </reporter-output>
        </test-method> <!-- testApp -->
      </class> <!-- org.snapshot.amazon.AppTest -->
    </test> <!-- Surefire test -->
  </suite> <!-- Surefire suite -->
</testng-results>
