<?xml version="1.0" encoding="UTF-8"?>
<testng-results ignored="0" total="3" passed="3" failed="0" skipped="0">
  <reporter-output>
  </reporter-output>
  <suite started-at="2024-10-09T20:01:48 IST" name="Suite" finished-at="2024-10-09T20:02:16 IST" duration-ms="28200">
    <groups>
    </groups>
    <test started-at="2024-10-09T20:01:48 IST" name="Test3" finished-at="2024-10-09T20:02:09 IST" duration-ms="20967">
      <class name="org.snapshot.amazon.CrossBrowser_DockerTest">
        <test-method signature="browserTest(java.lang.String)[pri:0, instance:org.snapshot.amazon.CrossBrowser_DockerTest@37afeb11]" started-at="2024-10-09T20:01:48 IST" name="browserTest" finished-at="2024-10-09T20:02:09 IST" duration-ms="20887" status="PASS">
          <params>
            <param index="0">
              <value>
                <![CDATA[edge]]>
              </value>
            </param>
          </params>
          <reporter-output>
          </reporter-output>
        </test-method> <!-- browserTest -->
      </class> <!-- org.snapshot.amazon.CrossBrowser_DockerTest -->
    </test> <!-- Test3 -->
    <test started-at="2024-10-09T20:01:48 IST" name="Test1" finished-at="2024-10-09T20:02:10 IST" duration-ms="22142">
      <class name="org.snapshot.amazon.CrossBrowser_DockerTest">
        <test-method signature="browserTest(java.lang.String)[pri:0, instance:org.snapshot.amazon.CrossBrowser_DockerTest@647e447]" started-at="2024-10-09T20:01:48 IST" name="browserTest" finished-at="2024-10-09T20:02:10 IST" duration-ms="22082" status="PASS">
          <params>
            <param index="0">
              <value>
                <![CDATA[chrome]]>
              </value>
            </param>
          </params>
          <reporter-output>
          </reporter-output>
        </test-method> <!-- browserTest -->
      </class> <!-- org.snapshot.amazon.CrossBrowser_DockerTest -->
    </test> <!-- Test1 -->
    <test started-at="2024-10-09T20:01:48 IST" name="Test2" finished-at="2024-10-09T20:02:16 IST" duration-ms="28200">
      <class name="org.snapshot.amazon.CrossBrowser_DockerTest">
        <test-method signature="browserTest(java.lang.String)[pri:0, instance:org.snapshot.amazon.CrossBrowser_DockerTest@6572421]" started-at="2024-10-09T20:01:48 IST" name="browserTest" finished-at="2024-10-09T20:02:16 IST" duration-ms="28142" status="PASS">
          <params>
            <param index="0">
              <value>
                <![CDATA[firefox]]>
              </value>
            </param>
          </params>
          <reporter-output>
          </reporter-output>
        </test-method> <!-- browserTest -->
      </class> <!-- org.snapshot.amazon.CrossBrowser_DockerTest -->
    </test> <!-- Test2 -->
  </suite> <!-- Suite -->
</testng-results>
