<?xml version="1.0" encoding="UTF-8"?>
<testng-results ignored="0" total="3" passed="3" failed="0" skipped="0">
  <reporter-output>
  </reporter-output>
  <suite started-at="2024-10-10T12:11:47 IST" name="Suite" finished-at="2024-10-10T12:12:19 IST" duration-ms="31307">
    <groups>
    </groups>
    <test started-at="2024-10-10T12:11:47 IST" name="Test1" finished-at="2024-10-10T12:12:10 IST" duration-ms="22372">
      <class name="org.snapshot.amazon.CrossBrowser_DockerTest">
        <test-method signature="browserTest(java.lang.String)[pri:0, instance:org.snapshot.amazon.CrossBrowser_DockerTest@28eaa59a]" started-at="2024-10-10T12:11:47 IST" name="browserTest" finished-at="2024-10-10T12:12:10 IST" duration-ms="22298" status="PASS">
          <params>
            <param index="0">
              <value>
                <![CDATA[chrome]]>
              </value>
            </param>
          </params>
          <reporter-output>
          </reporter-output>
        </test-method> <!-- browserTest -->
      </class> <!-- org.snapshot.amazon.CrossBrowser_DockerTest -->
    </test> <!-- Test1 -->
    <test started-at="2024-10-10T12:11:47 IST" name="Test3" finished-at="2024-10-10T12:12:11 IST" duration-ms="23673">
      <class name="org.snapshot.amazon.CrossBrowser_DockerTest">
        <test-method signature="browserTest(java.lang.String)[pri:0, instance:org.snapshot.amazon.CrossBrowser_DockerTest@6d763516]" started-at="2024-10-10T12:11:47 IST" name="browserTest" finished-at="2024-10-10T12:12:11 IST" duration-ms="23611" status="PASS">
          <params>
            <param index="0">
              <value>
                <![CDATA[edge]]>
              </value>
            </param>
          </params>
          <reporter-output>
          </reporter-output>
        </test-method> <!-- browserTest -->
      </class> <!-- org.snapshot.amazon.CrossBrowser_DockerTest -->
    </test> <!-- Test3 -->
    <test started-at="2024-10-10T12:11:47 IST" name="Test2" finished-at="2024-10-10T12:12:19 IST" duration-ms="31307">
      <class name="org.snapshot.amazon.CrossBrowser_DockerTest">
        <test-method signature="browserTest(java.lang.String)[pri:0, instance:org.snapshot.amazon.CrossBrowser_DockerTest@7ec7ffd3]" started-at="2024-10-10T12:11:47 IST" name="browserTest" finished-at="2024-10-10T12:12:19 IST" duration-ms="31246" status="PASS">
          <params>
            <param index="0">
              <value>
                <![CDATA[firefox]]>
              </value>
            </param>
          </params>
          <reporter-output>
          </reporter-output>
        </test-method> <!-- browserTest -->
      </class> <!-- org.snapshot.amazon.CrossBrowser_DockerTest -->
    </test> <!-- Test2 -->
  </suite> <!-- Suite -->
</testng-results>
